Start testing: Jun 22 19:50 MSK
----------------------------------------------------------
1/1 Testing: unit_tests
1/1 Test: unit_tests
Command: "/home/ch1psik/rk2/build/tests/unit_tests"
Directory: /home/ch1psik/rk2/build/tests
"unit_tests" start time: Jun 22 19:50 MSK
Output:
----------------------------------------------------------
[==========] Running 3 tests from 3 test suites.
[----------] Global test environment set-up.
[----------] 1 test from ConcreteElementATest
[ RUN      ] ConcreteElementATest.AcceptTest
Visited ConcreteElementA
[       OK ] ConcreteElementATest.AcceptTest (0 ms)
[----------] 1 test from ConcreteElementATest (0 ms total)

[----------] 1 test from ConcreteElementBTest
[ RUN      ] ConcreteElementBTest.AcceptTest
Visited ConcreteElementB
[       OK ] ConcreteElementBTest.AcceptTest (0 ms)
[----------] 1 test from ConcreteElementBTest (0 ms total)

[----------] 1 test from ConcreteElementCTest
[ RUN      ] ConcreteElementCTest.AcceptTest
Visited ConcreteElementC
[       OK ] ConcreteElementCTest.AcceptTest (0 ms)
[----------] 1 test from ConcreteElementCTest (0 ms total)

[----------] Global test environment tear-down
[==========] 3 tests from 3 test suites ran. (0 ms total)
[  PASSED  ] 3 tests.
<end of output>
Test time =   0.00 sec
----------------------------------------------------------
Test Passed.
"unit_tests" end time: Jun 22 19:50 MSK
"unit_tests" time elapsed: 00:00:00
----------------------------------------------------------

End testing: Jun 22 19:50 MSK
